[]
793 |         let err;
794 | 
795 |         if (/Error\]$/i.test(Object.prototype.toString.call(message))) {
796 |             err = message;
797 |         } else {
798 |             err = new Error(message);
                        ^
error: Missing credentials for "PLAIN"
 code: "EAUTH"

      at _formatError (/home/schlexander/Coding/euro-kat/auto-update/node_modules/nodemailer/lib/smtp-connection/index.js:798:19)
      at login (/home/schlexander/Coding/euro-kat/auto-update/node_modules/nodemailer/lib/smtp-connection/index.js:452:33)
      at /home/schlexander/Coding/euro-kat/auto-update/node_modules/nodemailer/lib/smtp-transport/index.js:375:21
      at /home/schlexander/Coding/euro-kat/auto-update/node_modules/nodemailer/lib/smtp-connection/index.js:215:17
      at node:events:33:51
      at emit (node:events:155:95)
      at _actionEHLO (/home/schlexander/Coding/euro-kat/auto-update/node_modules/nodemailer/lib/smtp-connection/index.js:1360:9)
      at _processResponse (/home/schlexander/Coding/euro-kat/auto-update/node_modules/nodemailer/lib/smtp-connection/index.js:982:13)
      at _onData (/home/schlexander/Coding/euro-kat/auto-update/node_modules/nodemailer/lib/smtp-connection/index.js:763:9)

793 |         let err;
794 | 
795 |         if (/Error\]$/i.test(Object.prototype.toString.call(message))) {
796 |             err = message;
797 |         } else {
798 |             err = new Error(message);
                        ^
error: Missing credentials for "PLAIN"
 code: "EAUTH"

      at _formatError (/home/schlexander/Coding/euro-kat/auto-update/node_modules/nodemailer/lib/smtp-connection/index.js:798:19)
      at login (/home/schlexander/Coding/euro-kat/auto-update/node_modules/nodemailer/lib/smtp-connection/index.js:452:33)
      at /home/schlexander/Coding/euro-kat/auto-update/node_modules/nodemailer/lib/smtp-transport/index.js:375:21
      at /home/schlexander/Coding/euro-kat/auto-update/node_modules/nodemailer/lib/smtp-connection/index.js:215:17
      at node:events:33:51
      at emit (node:events:155:95)
      at _actionEHLO (/home/schlexander/Coding/euro-kat/auto-update/node_modules/nodemailer/lib/smtp-connection/index.js:1360:9)
      at _processResponse (/home/schlexander/Coding/euro-kat/auto-update/node_modules/nodemailer/lib/smtp-connection/index.js:982:13)
      at _onData (/home/schlexander/Coding/euro-kat/auto-update/node_modules/nodemailer/lib/smtp-connection/index.js:763:9)

[
  {
    collectionId: "yx17myj0doeys0v",
    collectionName: "Figure",
    countryColor: "tk2272a3ydwpd0j",
    created: "2024-07-24 16:15:30.170Z",
    fake: "",
    header: "1",
    id: "3kbshgob3sjki7s",
    identifier: "K-Logo VQ088",
    isMarked: false,
    maxi: false,
    mpgNr: "VQ088",
    name: "Mini Enrico ",
    note: "",
    pictures: [],
    questionable: false,
    sticker: false,
    subSeriesId: "ilseou722znwegf",
    updated: "2024-07-27 09:11:52.238Z",
    variations: [],
    year: "2024-2025",
  }, {
    collectionId: "yx17myj0doeys0v",
    collectionName: "Figure",
    countryColor: "tk2272a3ydwpd0j",
    created: "2024-07-24 16:16:28.152Z",
    fake: "",
    header: "2",
    id: "2lrb2ntwbd3hv4b",
    identifier: "K-Logo VQ089",
    isMarked: false,
    maxi: false,
    mpgNr: "VQ089",
    name: "Mini Giordano",
    note: "",
    pictures: [],
    questionable: false,
    sticker: false,
    subSeriesId: "ilseou722znwegf",
    updated: "2024-07-27 09:11:58.769Z",
    variations: [],
    year: "2024-2025",
  }, {
    collectionId: "yx17myj0doeys0v",
    collectionName: "Figure",
    countryColor: "tk2272a3ydwpd0j",
    created: "2024-07-24 16:33:21.165Z",
    fake: "",
    header: "1",
    id: "pfpke7k52jztteu",
    identifier: "K-Logo VQ041",
    isMarked: false,
    maxi: false,
    mpgNr: "VQ041",
    name: "Tom Frog ",
    note: "",
    pictures: [ "vq041_toy_CeYycLsqGR.JPG" ],
    questionable: false,
    sticker: false,
    subSeriesId: "tn1k0qmkbw8uilu",
    updated: "2024-07-27 09:12:07.940Z",
    variations: [],
    year: "2024-2025",
  }, {
    collectionId: "yx17myj0doeys0v",
    collectionName: "Figure",
    countryColor: "tk2272a3ydwpd0j",
    created: "2024-07-24 16:35:02.458Z",
    fake: "",
    header: "2",
    id: "1d34xivwkpxpqsd",
    identifier: "K-Logo VQ042",
    isMarked: false,
    maxi: false,
    mpgNr: "VQ042",
    name: "Sam Chamaleon",
    note: "",
    pictures: [],
    questionable: false,
    sticker: false,
    subSeriesId: "tn1k0qmkbw8uilu",
    updated: "2024-07-27 09:12:15.671Z",
    variations: [],
    year: "2024-2025",
  }, {
    collectionId: "yx17myj0doeys0v",
    collectionName: "Figure",
    countryColor: "",
    created: "2024-07-27 09:10:01.916Z",
    fake: "",
    header: "1",
    id: "xozb4u07bwc9rqx",
    identifier: "K-Logo VQ117",
    isMarked: true,
    maxi: false,
    mpgNr: "VQ117",
    name: "Ostrich Cub ",
    note: "",
    pictures: [],
    questionable: false,
    sticker: false,
    subSeriesId: "u70nfcwr4cc353o",
    updated: "2024-07-27 09:10:01.916Z",
    variations: [],
    year: "2024-2025",
  }, {
    collectionId: "yx17myj0doeys0v",
    collectionName: "Figure",
    countryColor: "",
    created: "2024-07-27 09:11:25.287Z",
    fake: "",
    header: "2",
    id: "cko8ki35xsv2147",
    identifier: "K-Logo VQ118",
    isMarked: true,
    maxi: false,
    mpgNr: "VQ118",
    name: "Skunk Cub ",
    note: "",
    pictures: [],
    questionable: false,
    sticker: false,
    subSeriesId: "u70nfcwr4cc353o",
    updated: "2024-07-27 09:11:25.287Z",
    variations: [],
    year: "2024-2025",
  }, {
    collectionId: "yx17myj0doeys0v",
    collectionName: "Figure",
    countryColor: "",
    created: "2024-07-27 09:13:08.137Z",
    fake: "",
    header: "3",
    id: "6olhyvwfrny1q4n",
    identifier: "K-Logo VQ119",
    isMarked: true,
    maxi: false,
    mpgNr: "VQ119",
    name: "Hare Cub ",
    note: "",
    pictures: [],
    questionable: false,
    sticker: false,
    subSeriesId: "u70nfcwr4cc353o",
    updated: "2024-07-27 09:13:08.137Z",
    variations: [],
    year: "2024-2025",
  }, {
    collectionId: "yx17myj0doeys0v",
    collectionName: "Figure",
    countryColor: "",
    created: "2024-07-27 09:14:03.448Z",
    fake: "",
    header: "4",
    id: "hs3ya4qi22b6qsr",
    identifier: "K-Logo VQ120",
    isMarked: true,
    maxi: false,
    mpgNr: "VQ120",
    name: "Lion Cub ",
    note: "",
    pictures: [],
    questionable: false,
    sticker: false,
    subSeriesId: "u70nfcwr4cc353o",
    updated: "2024-07-27 09:14:03.448Z",
    variations: [],
    year: "2024-2025",
  }, {
    collectionId: "yx17myj0doeys0v",
    collectionName: "Figure",
    countryColor: "",
    created: "2024-07-27 09:14:47.269Z",
    fake: "",
    header: "5",
    id: "gw7i3pdngsazeyd",
    identifier: "K-Logo VQ121",
    isMarked: true,
    maxi: false,
    mpgNr: "VQ121",
    name: "Penguin Cub ",
    note: "",
    pictures: [],
    questionable: false,
    sticker: false,
    subSeriesId: "u70nfcwr4cc353o",
    updated: "2024-07-27 09:14:47.269Z",
    variations: [],
    year: "2024-2025",
  }, {
    collectionId: "yx17myj0doeys0v",
    collectionName: "Figure",
    countryColor: "",
    created: "2024-07-27 09:16:32.123Z",
    fake: "",
    header: "6",
    id: "39af0p04a3zyhwj",
    identifier: "K-Logo VQ123",
    isMarked: true,
    maxi: false,
    mpgNr: "VQ123",
    name: "Crocodile Cub ",
    note: "",
    pictures: [],
    questionable: false,
    sticker: false,
    subSeriesId: "u70nfcwr4cc353o",
    updated: "2024-07-27 09:16:32.123Z",
    variations: [],
    year: "2024-2025",
  }, {
    collectionId: "yx17myj0doeys0v",
    collectionName: "Figure",
    countryColor: "",
    created: "2024-07-27 09:17:18.744Z",
    fake: "",
    header: "7",
    id: "yg0k5qrqd478oi6",
    identifier: "K-Logo VQ124",
    isMarked: true,
    maxi: false,
    mpgNr: "VQ124",
    name: "Sea Turtle Cub ",
    note: "",
    pictures: [],
    questionable: false,
    sticker: false,
    subSeriesId: "u70nfcwr4cc353o",
    updated: "2024-07-27 09:17:18.744Z",
    variations: [],
    year: "2024-2025",
  }, {
    collectionId: "yx17myj0doeys0v",
    collectionName: "Figure",
    countryColor: "",
    created: "2024-07-27 09:18:13.447Z",
    fake: "",
    header: "8",
    id: "a4sn3i8hyqgav5y",
    identifier: "K-Logo VQ125",
    isMarked: true,
    maxi: false,
    mpgNr: "VQ125",
    name: "Deer Cub ",
    note: "",
    pictures: [],
    questionable: false,
    sticker: false,
    subSeriesId: "u70nfcwr4cc353o",
    updated: "2024-07-27 09:18:13.447Z",
    variations: [],
    year: "2024-2025",
  }, {
    collectionId: "yx17myj0doeys0v",
    collectionName: "Figure",
    countryColor: "",
    created: "2024-07-27 09:19:03.533Z",
    fake: "",
    header: "9",
    id: "3e71cq6o7evsut7",
    identifier: "K-Logo VQ127",
    isMarked: true,
    maxi: false,
    mpgNr: "VQ127",
    name: "Meercat Cub ",
    note: "",
    pictures: [],
    questionable: false,
    sticker: false,
    subSeriesId: "u70nfcwr4cc353o",
    updated: "2024-07-27 09:19:03.533Z",
    variations: [],
    year: "2024-2025",
  }, {
    collectionId: "yx17myj0doeys0v",
    collectionName: "Figure",
    countryColor: "",
    created: "2024-07-27 09:20:04.077Z",
    fake: "",
    header: "10",
    id: "mlt4gdtr1dn2q0e",
    identifier: "K-Logo VQ128",
    isMarked: true,
    maxi: false,
    mpgNr: "VQ128",
    name: "Swan Cub ",
    note: "",
    pictures: [],
    questionable: false,
    sticker: false,
    subSeriesId: "u70nfcwr4cc353o",
    updated: "2024-07-27 09:20:04.077Z",
    variations: [],
    year: "2024-2025",
  }, {
    collectionId: "yx17myj0doeys0v",
    collectionName: "Figure",
    countryColor: "",
    created: "2024-07-27 09:20:53.852Z",
    fake: "",
    header: "11",
    id: "5b6u0g84n4p8vb0",
    identifier: "K-Logo VQ129",
    isMarked: true,
    maxi: false,
    mpgNr: "VQ129",
    name: "Squirrel Cub ",
    note: "",
    pictures: [],
    questionable: false,
    sticker: false,
    subSeriesId: "u70nfcwr4cc353o",
    updated: "2024-07-27 09:20:53.852Z",
    variations: [],
    year: "2024-2025",
  }, {
    collectionId: "yx17myj0doeys0v",
    collectionName: "Figure",
    countryColor: "",
    created: "2024-07-27 09:21:52.556Z",
    fake: "",
    header: "12",
    id: "13jfj2fe3artvrt",
    identifier: "K-Logo VQ130",
    isMarked: true,
    maxi: false,
    mpgNr: "VQ130",
    name: "Tapiro Cub ",
    note: "",
    pictures: [],
    questionable: false,
    sticker: false,
    subSeriesId: "u70nfcwr4cc353o",
    updated: "2024-07-27 09:21:52.556Z",
    variations: [],
    year: "2024-2025",
  }, {
    collectionId: "yx17myj0doeys0v",
    collectionName: "Figure",
    countryColor: "",
    created: "2024-07-27 09:22:40.257Z",
    fake: "",
    header: "13",
    id: "9kx1rmqslckgfdy",
    identifier: "K-Logo VQ131",
    isMarked: true,
    maxi: false,
    mpgNr: "VQ131",
    name: "Polar Bear Cub ",
    note: "",
    pictures: [],
    questionable: false,
    sticker: false,
    subSeriesId: "u70nfcwr4cc353o",
    updated: "2024-07-27 09:22:40.257Z",
    variations: [],
    year: "2024-2024",
  }, {
    collectionId: "yx17myj0doeys0v",
    collectionName: "Figure",
    countryColor: "",
    created: "2024-07-27 09:23:36.345Z",
    fake: "",
    header: "14",
    id: "ze6f0w111g8zdd3",
    identifier: "K-Logo VQ172",
    isMarked: true,
    maxi: false,
    mpgNr: "VQ172",
    name: "Elephant Cub ",
    note: "",
    pictures: [],
    questionable: false,
    sticker: false,
    subSeriesId: "u70nfcwr4cc353o",
    updated: "2024-07-27 09:23:36.345Z",
    variations: [],
    year: "2024-2025",
  }, {
    collectionId: "yx17myj0doeys0v",
    collectionName: "Figure",
    countryColor: "",
    created: "2024-07-27 09:24:26.045Z",
    fake: "",
    header: "15",
    id: "rzgl9e7zbjwokye",
    identifier: "K-Logo VQ174",
    isMarked: true,
    maxi: false,
    mpgNr: "VQ174",
    name: "Hippo Cub ",
    note: "",
    pictures: [],
    questionable: false,
    sticker: false,
    subSeriesId: "u70nfcwr4cc353o",
    updated: "2024-07-27 09:24:26.045Z",
    variations: [],
    year: "2024-2025",
  }, {
    collectionId: "yx17myj0doeys0v",
    collectionName: "Figure",
    countryColor: "",
    created: "2024-07-27 09:25:07.252Z",
    fake: "",
    header: "16",
    id: "srjiq27tcl198al",
    identifier: "K-Logo VQ175",
    isMarked: true,
    maxi: false,
    mpgNr: "VQ175",
    name: "Koala Cub ",
    note: "",
    pictures: [],
    questionable: false,
    sticker: false,
    subSeriesId: "u70nfcwr4cc353o",
    updated: "2024-07-27 09:25:07.252Z",
    variations: [],
    year: "2024-2025",
  }, {
    collectionId: "yx17myj0doeys0v",
    collectionName: "Figure",
    countryColor: "",
    created: "2024-07-27 09:36:10.724Z",
    fake: "",
    header: "1",
    id: "7zzq4zredotfbf8",
    identifier: "K-Logo VQ209",
    isMarked: true,
    maxi: false,
    mpgNr: "VQ209",
    name: "Kimi ",
    note: "",
    pictures: [],
    questionable: false,
    sticker: false,
    subSeriesId: "qvsfa5sgdtpgaa0",
    updated: "2024-07-27 09:36:10.724Z",
    variations: [],
    year: "2024-2025",
  }, {
    collectionId: "yx17myj0doeys0v",
    collectionName: "Figure",
    countryColor: "",
    created: "2024-07-27 09:36:55.098Z",
    fake: "",
    header: "2",
    id: "u6ffzxbiuzrckx1",
    identifier: "K-Logo VQ210",
    isMarked: true,
    maxi: false,
    mpgNr: "VQ210",
    name: "Mick",
    note: "",
    pictures: [],
    questionable: false,
    sticker: false,
    subSeriesId: "qvsfa5sgdtpgaa0",
    updated: "2024-07-27 09:36:55.098Z",
    variations: [],
    year: "2024-2025",
  }, {
    collectionId: "yx17myj0doeys0v",
    collectionName: "Figure",
    countryColor: "",
    created: "2024-07-27 09:49:51.196Z",
    fake: "",
    header: "1",
    id: "4wcada8jennd8e4",
    identifier: "K-Logo VQ024",
    isMarked: true,
    maxi: false,
    mpgNr: "VQ024",
    name: "Feeding Cygnets",
    note: "",
    pictures: [],
    questionable: false,
    sticker: false,
    subSeriesId: "n2ju8i2uh7e1b0i",
    updated: "2024-07-27 09:49:51.196Z",
    variations: [],
    year: "2024-2025",
  }, {
    collectionId: "yx17myj0doeys0v",
    collectionName: "Figure",
    countryColor: "",
    created: "2024-07-27 09:50:43.309Z",
    fake: "",
    header: "2",
    id: "ujj2by776irlggh",
    identifier: "K-Logo VQ025",
    isMarked: true,
    maxi: false,
    mpgNr: "VQ025",
    name: "Feeding Turtles",
    note: "",
    pictures: [],
    questionable: false,
    sticker: false,
    subSeriesId: "n2ju8i2uh7e1b0i",
    updated: "2024-07-27 09:50:43.309Z",
    variations: [],
    year: "2024-2025",
  }, {
    collectionId: "yx17myj0doeys0v",
    collectionName: "Figure",
    countryColor: "",
    created: "2024-07-27 10:00:38.404Z",
    fake: "",
    header: "1",
    id: "xkm581pn9fppon2",
    identifier: "K-Logo VQ187",
    isMarked: true,
    maxi: false,
    mpgNr: "VQ187",
    name: "Iacopo ",
    note: "",
    pictures: [],
    questionable: false,
    sticker: false,
    subSeriesId: "y1gygjj0gc8ekt6",
    updated: "2024-07-27 10:00:38.404Z",
    variations: [],
    year: "2024-2025",
  }, {
    collectionId: "yx17myj0doeys0v",
    collectionName: "Figure",
    countryColor: "",
    created: "2024-07-27 10:01:20.059Z",
    fake: "",
    header: "2",
    id: "f5fz7e599xs756p",
    identifier: "K-Logo VQ188",
    isMarked: true,
    maxi: false,
    mpgNr: "VQ188",
    name: "Mark",
    note: "",
    pictures: [],
    questionable: false,
    sticker: false,
    subSeriesId: "y1gygjj0gc8ekt6",
    updated: "2024-07-27 10:01:20.059Z",
    variations: [],
    year: "2024-2025",
  }, {
    collectionId: "yx17myj0doeys0v",
    collectionName: "Figure",
    countryColor: "",
    created: "2024-07-27 10:15:38.216Z",
    fake: "",
    header: "1",
    id: "ypqqupbxckjfmr7",
    identifier: "K-Logo VQ108",
    isMarked: true,
    maxi: false,
    mpgNr: "VQ108",
    name: "Star Fish ",
    note: "",
    pictures: [],
    questionable: false,
    sticker: false,
    subSeriesId: "50w1z5yuiehu4s7",
    updated: "2024-07-27 10:15:38.216Z",
    variations: [],
    year: "2024-2025",
  }, {
    collectionId: "yx17myj0doeys0v",
    collectionName: "Figure",
    countryColor: "",
    created: "2024-07-27 10:16:49.203Z",
    fake: "",
    header: "2",
    id: "bmk7gihqcme15oz",
    identifier: "K-Logo VQ108",
    isMarked: true,
    maxi: false,
    mpgNr: "VQ108A",
    name: "Marine",
    note: "",
    pictures: [],
    questionable: false,
    sticker: false,
    subSeriesId: "50w1z5yuiehu4s7",
    updated: "2024-07-27 10:19:06.828Z",
    variations: [],
    year: "2024-2025",
  }, {
    collectionId: "yx17myj0doeys0v",
    collectionName: "Figure",
    countryColor: "",
    created: "2024-07-27 10:28:19.158Z",
    fake: "",
    header: "1",
    id: "vjx35vgzerunw3e",
    identifier: "K-Logo VQ084",
    isMarked: true,
    maxi: false,
    mpgNr: "VQ084",
    name: "Kida Bunny",
    note: "",
    pictures: [],
    questionable: false,
    sticker: false,
    subSeriesId: "6m953p5au1ivqyu",
    updated: "2024-07-27 10:28:19.158Z",
    variations: [],
    year: "2024-2025",
  }, {
    collectionId: "yx17myj0doeys0v",
    collectionName: "Figure",
    countryColor: "",
    created: "2024-07-27 10:29:08.399Z",
    fake: "",
    header: "2",
    id: "yjmkvyval7dnr2j",
    identifier: "K-Logo VQ085",
    isMarked: true,
    maxi: false,
    mpgNr: "VQ085",
    name: "Marie Cat",
    note: "",
    pictures: [],
    questionable: false,
    sticker: false,
    subSeriesId: "6m953p5au1ivqyu",
    updated: "2024-07-27 10:29:15.210Z",
    variations: [],
    year: "2024-2025",
  }, {
    collectionId: "yx17myj0doeys0v",
    collectionName: "Figure",
    countryColor: "",
    created: "2024-07-27 11:09:58.160Z",
    fake: "",
    header: "1",
    id: "7hvlcvcic9kymif",
    identifier: "K-Logo VQ284 ?????",
    isMarked: true,
    maxi: false,
    mpgNr: "VQ284",
    name: "Parasaurolophus",
    note: "",
    pictures: [],
    questionable: false,
    sticker: false,
    subSeriesId: "i4grdc2hrb2l4vo",
    updated: "2024-07-27 11:09:58.160Z",
    variations: [],
    year: "2024-2025",
  }, {
    collectionId: "yx17myj0doeys0v",
    collectionName: "Figure",
    countryColor: "",
    created: "2024-07-27 11:33:00.020Z",
    fake: "",
    header: "1",
    id: "f8t0gs0yygn4pb8",
    identifier: "K-Logo VQ160",
    isMarked: true,
    maxi: false,
    mpgNr: "VQ160",
    name: "Butterfly Box",
    note: "siehe auch 2023/24 - VT064",
    pictures: [],
    questionable: false,
    sticker: false,
    subSeriesId: "49rqkgu1rmjj84z",
    updated: "2024-07-27 11:33:00.020Z",
    variations: [],
    year: "2024-2025",
  }, {
    collectionId: "yx17myj0doeys0v",
    collectionName: "Figure",
    countryColor: "",
    created: "2024-07-27 11:36:58.373Z",
    fake: "",
    header: "2",
    id: "1nhgv3ovghd40bq",
    identifier: "K-Logo VD181",
    isMarked: true,
    maxi: false,
    mpgNr: "VD181A",
    name: "Star Box",
    note: "siehe auch 2022/2023 - VD181",
    pictures: [],
    questionable: false,
    sticker: false,
    subSeriesId: "49rqkgu1rmjj84z",
    updated: "2024-07-27 11:36:58.373Z",
    variations: [],
    year: "2024-2025",
  }, {
    collectionId: "yx17myj0doeys0v",
    collectionName: "Figure",
    countryColor: "",
    created: "2024-07-27 15:39:48.445Z",
    fake: "",
    header: "1",
    id: "r2a2qls5lgrp8cq",
    identifier: "© Spin Master Ltd K-Logo VQ331",
    isMarked: true,
    maxi: false,
    mpgNr: "VQ331",
    name: "Liberty",
    note: "",
    pictures: [ "vq331_fig1_zOaLyYiuWm.JPG", "vq331_fig2_Mxr9Azt1c1.JPG"
    ],
    questionable: false,
    sticker: false,
    subSeriesId: "cn5v555y85d7x1o",
    updated: "2024-07-27 15:41:47.272Z",
    variations: [],
    year: "2024-2025",
  }, {
    collectionId: "yx17myj0doeys0v",
    collectionName: "Figure",
    countryColor: "",
    created: "2024-07-27 15:46:01.247Z",
    fake: "",
    header: "2",
    id: "96jvi9tjwt19lwr",
    identifier: "© Spin Master Ltd K-Logo VD348",
    isMarked: true,
    maxi: false,
    mpgNr: "VD348",
    name: "Rocky",
    note: "",
    pictures: [],
    questionable: false,
    sticker: false,
    subSeriesId: "cn5v555y85d7x1o",
    updated: "2024-07-27 15:46:01.247Z",
    variations: [],
    year: "2024-2025",
  }, {
    collectionId: "yx17myj0doeys0v",
    collectionName: "Figure",
    countryColor: "",
    created: "2024-07-27 15:47:03.698Z",
    fake: "",
    header: "3",
    id: "uvqhowtrzw1fdrs",
    identifier: "© Spin Master Ltd K-Logo VD349",
    isMarked: true,
    maxi: false,
    mpgNr: "VD349",
    name: "Rubble",
    note: "",
    pictures: [ "vd349_fig2_AIFxCaEe2K.JPG", "vd349_fig1_PsR3Ynr7Gk.JPG"
    ],
    questionable: false,
    sticker: false,
    subSeriesId: "cn5v555y85d7x1o",
    updated: "2024-07-27 15:47:03.698Z",
    variations: [],
    year: "2024-2025",
  }, {
    collectionId: "yx17myj0doeys0v",
    collectionName: "Figure",
    countryColor: "",
    created: "2024-07-27 15:47:55.127Z",
    fake: "",
    header: "4",
    id: "qwrjlx98wuqi110",
    identifier: "© Spin Master Ltd K-Logo VD354",
    isMarked: true,
    maxi: false,
    mpgNr: "VD354",
    name: "Sky",
    note: "",
    pictures: [],
    questionable: false,
    sticker: false,
    subSeriesId: "cn5v555y85d7x1o",
    updated: "2024-08-28 14:30:39.661Z",
    variations: [],
    year: "2024-2025",
  }, {
    collectionId: "yx17myj0doeys0v",
    collectionName: "Figure",
    countryColor: "",
    created: "2024-07-27 15:48:48.617Z",
    fake: "",
    header: "5",
    id: "vpsxvdhbbpikqhr",
    identifier: "© Spin Master Ltd K-Logo VD355",
    isMarked: true,
    maxi: false,
    mpgNr: "VD355",
    name: "Zuma",
    note: "",
    pictures: [],
    questionable: false,
    sticker: false,
    subSeriesId: "cn5v555y85d7x1o",
    updated: "2024-08-28 14:30:34.849Z",
    variations: [],
    year: "2024-2025",
  }, {
    collectionId: "yx17myj0doeys0v",
    collectionName: "Figure",
    countryColor: "",
    created: "2024-07-27 16:08:48.123Z",
    fake: "",
    header: "6",
    id: "tgeggrm7lf692up",
    identifier: "© Spin Master Ltd K-Logo VD358",
    isMarked: true,
    maxi: false,
    mpgNr: "VD358",
    name: "Everest",
    note: "",
    pictures: [],
    questionable: false,
    sticker: false,
    subSeriesId: "cn5v555y85d7x1o",
    updated: "2024-08-28 14:30:29.880Z",
    variations: [],
    year: "2024-2025",
  }, {
    collectionId: "yx17myj0doeys0v",
    collectionName: "Figure",
    countryColor: "",
    created: "2024-07-27 16:09:39.246Z",
    fake: "",
    header: "7",
    id: "mnzo564zf7gq4nx",
    identifier: "© Spin Master Ltd K-Logo VD361",
    isMarked: true,
    maxi: false,
    mpgNr: "VD361",
    name: "Chase",
    note: "",
    pictures: [],
    questionable: false,
    sticker: false,
    subSeriesId: "cn5v555y85d7x1o",
    updated: "2024-08-28 14:30:24.845Z",
    variations: [],
    year: "2024-2025",
  }, {
    collectionId: "yx17myj0doeys0v",
    collectionName: "Figure",
    countryColor: "",
    created: "2024-07-27 16:10:14.448Z",
    fake: "",
    header: "8",
    id: "nb0i14wvhmcmbnm",
    identifier: "© Spin Master Ltd K-Logo VD362",
    isMarked: true,
    maxi: false,
    mpgNr: "VD362",
    name: "Marshall",
    note: "",
    pictures: [],
    questionable: false,
    sticker: false,
    subSeriesId: "cn5v555y85d7x1o",
    updated: "2024-08-28 14:30:19.010Z",
    variations: [],
    year: "2024-2025",
  }
]
793 |         let err;
794 | 
795 |         if (/Error\]$/i.test(Object.prototype.toString.call(message))) {
796 |             err = message;
797 |         } else {
798 |             err = new Error(message);
                        ^
error: Missing credentials for "PLAIN"
 code: "EAUTH"

      at _formatError (/home/schlexander/Coding/euro-kat/auto-update/node_modules/nodemailer/lib/smtp-connection/index.js:798:19)
      at login (/home/schlexander/Coding/euro-kat/auto-update/node_modules/nodemailer/lib/smtp-connection/index.js:452:33)
      at /home/schlexander/Coding/euro-kat/auto-update/node_modules/nodemailer/lib/smtp-transport/index.js:375:21
      at /home/schlexander/Coding/euro-kat/auto-update/node_modules/nodemailer/lib/smtp-connection/index.js:215:17
      at node:events:33:51
      at emit (node:events:155:95)
      at _actionEHLO (/home/schlexander/Coding/euro-kat/auto-update/node_modules/nodemailer/lib/smtp-connection/index.js:1360:9)
      at _processResponse (/home/schlexander/Coding/euro-kat/auto-update/node_modules/nodemailer/lib/smtp-connection/index.js:982:13)
      at _onData (/home/schlexander/Coding/euro-kat/auto-update/node_modules/nodemailer/lib/smtp-connection/index.js:763:9)

793 |         let err;
794 | 
795 |         if (/Error\]$/i.test(Object.prototype.toString.call(message))) {
796 |             err = message;
797 |         } else {
798 |             err = new Error(message);
                        ^
error: Missing credentials for "PLAIN"
 code: "EAUTH"

      at _formatError (/home/schlexander/Coding/euro-kat/auto-update/node_modules/nodemailer/lib/smtp-connection/index.js:798:19)
      at login (/home/schlexander/Coding/euro-kat/auto-update/node_modules/nodemailer/lib/smtp-connection/index.js:452:33)
      at /home/schlexander/Coding/euro-kat/auto-update/node_modules/nodemailer/lib/smtp-transport/index.js:375:21
      at /home/schlexander/Coding/euro-kat/auto-update/node_modules/nodemailer/lib/smtp-connection/index.js:215:17
      at node:events:33:51
      at emit (node:events:155:95)
      at _actionEHLO (/home/schlexander/Coding/euro-kat/auto-update/node_modules/nodemailer/lib/smtp-connection/index.js:1360:9)
      at _processResponse (/home/schlexander/Coding/euro-kat/auto-update/node_modules/nodemailer/lib/smtp-connection/index.js:982:13)
      at _onData (/home/schlexander/Coding/euro-kat/auto-update/node_modules/nodemailer/lib/smtp-connection/index.js:763:9)

